Training: 2025-07-03 11:48:28,278-rank_id: 0
Training: 2025-07-03 11:48:28,279-: batch_size               128
Training: 2025-07-03 11:48:28,279-: dali                     False
Training: 2025-07-03 11:48:28,280-: dali_aug                 False
Training: 2025-07-03 11:48:28,280-: embedding_size           512
Training: 2025-07-03 11:48:28,280-: fp16                     True
Training: 2025-07-03 11:48:28,280-: frequent                 10
Training: 2025-07-03 11:48:28,281-: gradient_acc             1
Training: 2025-07-03 11:48:28,283-: image_size               (112, 112)
Training: 2025-07-03 11:48:28,283-: interclass_filtering_threshold0
Training: 2025-07-03 11:48:28,283-: lr                       0.02
Training: 2025-07-03 11:48:28,283-: margin_list              (1.0, 0.5, 0.0)
Training: 2025-07-03 11:48:28,284-: momentum                 0.9
Training: 2025-07-03 11:48:28,284-: network                  convnextv2_base
Training: 2025-07-03 11:48:28,284-: num_classes              85561
Training: 2025-07-03 11:48:28,284-: num_epoch                10
Training: 2025-07-03 11:48:28,284-: num_image                5822653
Training: 2025-07-03 11:48:28,284-: num_workers              4
Training: 2025-07-03 11:48:28,284-: optimizer                sgd
Training: 2025-07-03 11:48:28,286-: output                   output/convnextv2_ms1m
Training: 2025-07-03 11:48:28,286-: rec                      E:/FAST/FR/datasets/ms1m_arcface_images
Training: 2025-07-03 11:48:28,286-: resume                   False
Training: 2025-07-03 11:48:28,286-: sample_rate              1.0
Training: 2025-07-03 11:48:28,286-: save_all_states          False
Training: 2025-07-03 11:48:28,286-: seed                     3407
Training: 2025-07-03 11:48:28,286-: steps_per_epoch          45489
Training: 2025-07-03 11:48:28,286-: total_step               454890
Training: 2025-07-03 11:48:28,286-: val                      E:/FAST/FR/datasets/lfw/lfw-deepfunneled
Training: 2025-07-03 11:48:28,286-: val_targets              ['lfw']
Training: 2025-07-03 11:48:28,286-: verbose                  16000
Training: 2025-07-03 11:48:28,286-: warmup_epoch             0
Training: 2025-07-03 11:48:28,287-: weight_decay             0.0005
Training: 2025-07-03 11:49:08,795-rank_id: 0
Training: 2025-07-03 11:49:08,796-: batch_size               128
Training: 2025-07-03 11:49:08,796-: dali                     False
Training: 2025-07-03 11:49:08,798-: dali_aug                 False
Training: 2025-07-03 11:49:08,798-: embedding_size           512
Training: 2025-07-03 11:49:08,798-: fp16                     True
Training: 2025-07-03 11:49:08,799-: frequent                 10
Training: 2025-07-03 11:49:08,799-: gradient_acc             1
Training: 2025-07-03 11:49:08,799-: image_size               (112, 112)
Training: 2025-07-03 11:49:08,799-: interclass_filtering_threshold0
Training: 2025-07-03 11:49:08,799-: lr                       0.02
Training: 2025-07-03 11:49:08,799-: margin_list              (1.0, 0.5, 0.0)
Training: 2025-07-03 11:49:08,799-: momentum                 0.9
Training: 2025-07-03 11:49:08,799-: network                  convnextv2_base
Training: 2025-07-03 11:49:08,799-: num_classes              85561
Training: 2025-07-03 11:49:08,799-: num_epoch                10
Training: 2025-07-03 11:49:08,799-: num_image                5822653
Training: 2025-07-03 11:49:08,799-: num_workers              4
Training: 2025-07-03 11:49:08,799-: optimizer                sgd
Training: 2025-07-03 11:49:08,799-: output                   output/convnextv2_ms1m
Training: 2025-07-03 11:49:08,799-: rec                      E:/FAST/FR/datasets/ms1m_arcface_images
Training: 2025-07-03 11:49:08,799-: resume                   False
Training: 2025-07-03 11:49:08,799-: sample_rate              1.0
Training: 2025-07-03 11:49:08,799-: save_all_states          False
Training: 2025-07-03 11:49:08,799-: seed                     3407
Training: 2025-07-03 11:49:08,799-: steps_per_epoch          45489
Training: 2025-07-03 11:49:08,799-: total_step               454890
Training: 2025-07-03 11:49:08,800-: val                      E:/FAST/FR/datasets/lfw/lfw-deepfunneled
Training: 2025-07-03 11:49:08,800-: val_targets              ['lfw']
Training: 2025-07-03 11:49:08,800-: verbose                  16000
Training: 2025-07-03 11:49:08,800-: warmup_epoch             0
Training: 2025-07-03 11:49:08,800-: weight_decay             0.0005
Training: 2025-07-03 11:50:15,803-Loading pretrained weights from Hugging Face hub (timm/convnextv2_base.fcmae_ft_in22k_in1k)
Training: 2025-07-03 11:50:16,734-[timm/convnextv2_base.fcmae_ft_in22k_in1k] Safe alternative available for 'pytorch_model.bin' (as 'model.safetensors'). Loading weights using safetensors.
